# JRE version: OpenJDK Runtime Environment (17.0.8.1+1) (build 17.0.8.1+1-LTS)
# Java VM: OpenJDK 64-Bit Server VM (17.0.8.1+1-LTS, mixed mode, tiered, compressed oops, compressed class ptrs, g1 gc, windows-amd64)
GC Precious Log:
 CPUs: 20 total, 20 available
 Memory: 16108M
 Large Page Support: Disabled
 NUMA Support: Disabled
 Compressed Oops: Enabled (Zero based)
 Heap Region Size: 4M
 Heap Min Capacity: 8M
 Heap Initial Capacity: 252M
 Heap Max Capacity: 8056M
 Pre-touch: Disabled
 Parallel Workers: 15
 Concurrent Workers: 4
 Concurrent Refinement Workers: 15
 Periodic GC: Disabled
Heap:
 garbage-first heap   total 1859584K, used 1099958K [0x0000000608800000, 0x0000000800000000)
  region size 4096K, 218 young (892928K), 1 survivors (4096K)
 Metaspace       used 117686K, committed 120064K, reserved 1179648K
  class space    used 24800K, committed 25856K, reserved 1048576K
GC Heap History (20 events):
Event: 211.066 GC heap before
{Heap before GC invocations=171 (full 0):
 garbage-first heap   total 1859584K, used 1325191K [0x0000000608800000, 0x0000000800000000)
  region size 4096K, 272 young (1114112K), 1 survivors (4096K)
 Metaspace       used 117617K, committed 120000K, reserved 1179648K
  class space    used 24800K, committed 25856K, reserved 1048576K
}
Event: 211.068 GC heap after
{Heap after GC invocations=172 (full 0):
 garbage-first heap   total 1859584K, used 214797K [0x0000000608800000, 0x0000000800000000)
  region size 4096K, 1 young (4096K), 1 survivors (4096K)
 Metaspace       used 117617K, committed 120000K, reserved 1179648K
  class space    used 24800K, committed 25856K, reserved 1048576K
}
Event: 213.490 GC heap before
{Heap before GC invocations=172 (full 0):
 garbage-first heap   total 1859584K, used 1324813K [0x0000000608800000, 0x0000000800000000)
  region size 4096K, 272 young (1114112K), 1 survivors (4096K)
 Metaspace       used 117617K, committed 120000K, reserved 1179648K
  class space    used 24800K, committed 25856K, reserved 1048576K
}
Event: 213.492 GC heap after
{Heap after GC invocations=173 (full 0):
 garbage-first heap   total 1859584K, used 214797K [0x0000000608800000, 0x0000000800000000)
  region size 4096K, 1 young (4096K), 1 survivors (4096K)
 Metaspace       used 117617K, committed 120000K, reserved 1179648K
  class space    used 24800K, committed 25856K, reserved 1048576K
}
Event: 215.794 GC heap before
{Heap before GC invocations=173 (full 0):
 garbage-first heap   total 1859584K, used 1324813K [0x0000000608800000, 0x0000000800000000)
  region size 4096K, 272 young (1114112K), 1 survivors (4096K)
 Metaspace       used 117654K, committed 120064K, reserved 1179648K
  class space    used 24800K, committed 25856K, reserved 1048576K
}
Event: 215.799 GC heap after
{Heap after GC invocations=174 (full 0):
 garbage-first heap   total 1859584K, used 214834K [0x0000000608800000, 0x0000000800000000)
  region size 4096K, 1 young (4096K), 1 survivors (4096K)
 Metaspace       used 117654K, committed 120064K, reserved 1179648K
  class space    used 24800K, committed 25856K, reserved 1048576K
}
Event: 217.779 GC heap before
{Heap before GC invocations=174 (full 0):
 garbage-first heap   total 1859584K, used 1324850K [0x0000000608800000, 0x0000000800000000)
  region size 4096K, 272 young (1114112K), 1 survivors (4096K)
 Metaspace       used 117660K, committed 120064K, reserved 1179648K
  class space    used 24800K, committed 25856K, reserved 1048576K
}
Event: 217.782 GC heap after
{Heap after GC invocations=175 (full 0):
 garbage-first heap   total 1859584K, used 214886K [0x0000000608800000, 0x0000000800000000)
  region size 4096K, 1 young (4096K), 1 survivors (4096K)
 Metaspace       used 117660K, committed 120064K, reserved 1179648K
  class space    used 24800K, committed 25856K, reserved 1048576K
}
Event: 219.948 GC heap before
{Heap before GC invocations=175 (full 0):
 garbage-first heap   total 1859584K, used 1324902K [0x0000000608800000, 0x0000000800000000)
  region size 4096K, 272 young (1114112K), 1 survivors (4096K)
 Metaspace       used 117667K, committed 120064K, reserved 1179648K
  class space    used 24800K, committed 25856K, reserved 1048576K
}
Event: 219.951 GC heap after
{Heap after GC invocations=176 (full 0):
 garbage-first heap   total 1859584K, used 214955K [0x0000000608800000, 0x0000000800000000)
  region size 4096K, 1 young (4096K), 1 survivors (4096K)
 Metaspace       used 117667K, committed 120064K, reserved 1179648K
  class space    used 24800K, committed 25856K, reserved 1048576K
}
Event: 221.947 GC heap before
{Heap before GC invocations=176 (full 0):
 garbage-first heap   total 1859584K, used 1324971K [0x0000000608800000, 0x0000000800000000)
  region size 4096K, 272 young (1114112K), 1 survivors (4096K)
 Metaspace       used 117678K, committed 120064K, reserved 1179648K
  class space    used 24800K, committed 25856K, reserved 1048576K
}
Event: 221.950 GC heap after
{Heap after GC invocations=177 (full 0):
 garbage-first heap   total 1859584K, used 215019K [0x0000000608800000, 0x0000000800000000)
  region size 4096K, 1 young (4096K), 1 survivors (4096K)
 Metaspace       used 117678K, committed 120064K, reserved 1179648K
  class space    used 24800K, committed 25856K, reserved 1048576K
}
Event: 224.431 GC heap before
{Heap before GC invocations=177 (full 0):
 garbage-first heap   total 1859584K, used 1325035K [0x0000000608800000, 0x0000000800000000)
  region size 4096K, 272 young (1114112K), 1 survivors (4096K)
 Metaspace       used 117678K, committed 120064K, reserved 1179648K
  class space    used 24800K, committed 25856K, reserved 1048576K
}
Event: 224.434 GC heap after
{Heap after GC invocations=178 (full 0):
 garbage-first heap   total 1859584K, used 215051K [0x0000000608800000, 0x0000000800000000)
  region size 4096K, 1 young (4096K), 1 survivors (4096K)
 Metaspace       used 117678K, committed 120064K, reserved 1179648K
  class space    used 24800K, committed 25856K, reserved 1048576K
}
Event: 226.901 GC heap before
{Heap before GC invocations=178 (full 0):
 garbage-first heap   total 1859584K, used 1325067K [0x0000000608800000, 0x0000000800000000)
  region size 4096K, 272 young (1114112K), 1 survivors (4096K)
 Metaspace       used 117682K, committed 120064K, reserved 1179648K
  class space    used 24800K, committed 25856K, reserved 1048576K
}
Event: 226.905 GC heap after
{Heap after GC invocations=179 (full 0):
 garbage-first heap   total 1859584K, used 215107K [0x0000000608800000, 0x0000000800000000)
  region size 4096K, 1 young (4096K), 1 survivors (4096K)
 Metaspace       used 117682K, committed 120064K, reserved 1179648K
  class space    used 24800K, committed 25856K, reserved 1048576K
}
Event: 228.738 GC heap before
{Heap before GC invocations=179 (full 0):
 garbage-first heap   total 1859584K, used 1325123K [0x0000000608800000, 0x0000000800000000)
  region size 4096K, 272 young (1114112K), 1 survivors (4096K)
 Metaspace       used 117682K, committed 120064K, reserved 1179648K
  class space    used 24800K, committed 25856K, reserved 1048576K
}
Event: 228.744 GC heap after
{Heap after GC invocations=180 (full 0):
 garbage-first heap   total 1859584K, used 215152K [0x0000000608800000, 0x0000000800000000)
  region size 4096K, 1 young (4096K), 1 survivors (4096K)
 Metaspace       used 117682K, committed 120064K, reserved 1179648K
  class space    used 24800K, committed 25856K, reserved 1048576K
}
Event: 230.754 GC heap before
{Heap before GC invocations=180 (full 0):
 garbage-first heap   total 1859584K, used 1325168K [0x0000000608800000, 0x0000000800000000)
  region size 4096K, 272 young (1114112K), 1 survivors (4096K)
 Metaspace       used 117684K, committed 120064K, reserved 1179648K
  class space    used 24800K, committed 25856K, reserved 1048576K
}
Event: 230.757 GC heap after
{Heap after GC invocations=181 (full 0):
 garbage-first heap   total 1859584K, used 215222K [0x0000000608800000, 0x0000000800000000)
  region size 4096K, 1 young (4096K), 1 survivors (4096K)
 Metaspace       used 117684K, committed 120064K, reserved 1179648K
  class space    used 24800K, committed 25856K, reserved 1048576K
}

